<?xml version="1.0" encoding="UTF-8"?>
<!-- Generated by org.testng.reporters.JUnitXMLReporter -->
<testsuite hostname="DESKTOP-SQMMSSU" tests="4" failures="0" timestamp="26 Jun 2020 10:34:43 GMT" time="28.449" errors="0">
  <testcase name="testZapPayLoginBlank" time="4.566" classname="ZapPayDemo"/>
  <testcase name="testZapPayLoginBlankPassword" time="4.619" classname="ZapPayDemo"/>
  <testcase name="testZapPayLoginBlankUsername" time="4.783" classname="ZapPayDemo"/>
  <testcase name="testZapPayLogin" time="6.084" classname="ZapPayDemo"/>
</testsuite>
